<?xml version="1.0" encoding="UTF-8"?>
<!-- Generated by org.testng.reporters.JUnitReportReporter -->
<testsuite skipped="0" hostname="NaviraFaisel" name="pageFactoryPkg.pageFactoryClass" tests="3" failures="0" timestamp="01 Jan 2019 13:43:54 GMT" time="12.548" errors="0">
  <testcase name="login" time="8.242" classname="pageFactoryPkg.pageFactoryClass"/>
  <testcase name="findBuyingPower" time="3.567" classname="pageFactoryPkg.pageFactoryClass"/>
  <testcase name="closeBrowser" time="0.739" classname="pageFactoryPkg.pageFactoryClass"/>
</testsuite> <!-- pageFactoryPkg.pageFactoryClass -->
